0 info it worked if it ends with ok
1 verbose cli [ 'C:\\Program Files\\nodejs\\node.exe',
1 verbose cli   'C:\\Program Files\\nodejs\\node_modules\\npm\\bin\\npm-cli.js',
1 verbose cli   'run',
1 verbose cli   'dev' ]
2 info using npm@3.3.12
3 info using node@v5.2.0
4 verbose run-script [ 'predev', 'dev', 'postdev' ]
5 info lifecycle vueone@1.0.0~predev: vueone@1.0.0
6 silly lifecycle vueone@1.0.0~predev: no script for predev, continuing
7 info lifecycle vueone@1.0.0~dev: vueone@1.0.0
8 verbose lifecycle vueone@1.0.0~dev: unsafe-perm in lifecycle true
9 verbose lifecycle vueone@1.0.0~dev: PATH: C:\Program Files\nodejs\node_modules\npm\bin\node-gyp-bin;C:\Users\niannian\Desktop\GitHub\vue-webpack\vueone\node_modules\.bin;C:\Java\jdk\bin;c:\Program Files (x86)\Intel\iCLS Client\;c:\Program Files\Intel\iCLS Client\;C:\Windows\system32;C:\Windows;C:\Windows\System32\Wbem;C:\Windows\System32\WindowsPowerShell\v1.0\;C:\Program Files\Intel\Intel(R) Management Engine Components\DAL;C:\Program Files\Intel\Intel(R) Management Engine Components\IPT;C:\Program Files (x86)\Intel\Intel(R) Management Engine Components\DAL;C:\Program Files (x86)\Intel\Intel(R) Management Engine Components\IPT;c:\Program Files (x86)\ATI Technologies\ATI.ACE\Core-Static;C:\Program Files\Intel\WiFi\bin\;C:\Program Files\Common Files\Intel\WirelessCommon\;C:\Program Files (x86)\Microsoft SQL Server\100\Tools\Binn\;C:\Program Files\Microsoft SQL Server\100\Tools\Binn\;C:\Program Files\Microsoft SQL Server\100\DTS\Binn\;C:\Program Files (x86)\Microsoft SQL Server\100\Tools\Binn\VSShell\Common7\IDE\;C:\Program Files (x86)\Microsoft Visual Studio 9.0\Common7\IDE\PrivateAssemblies\;C:\Program Files (x86)\Microsoft SQL Server\100\DTS\Binn\;C:\Program Files (x86)\AMD\ATI.ACE\Core-Static;C:\wamp64\bin\php\php5.6.31;C:\Program Files\dotnet\;C:\Program Files\Microsoft SQL Server\130\Tools\Binn\;C:\Program Files\TortoiseSVN\bin;C:\Program Files\nodejs\;C:\Users\niannian\AppData\Roaming\npm
10 verbose lifecycle vueone@1.0.0~dev: CWD: C:\Users\niannian\Desktop\GitHub\vue-webpack\vueone
11 silly lifecycle vueone@1.0.0~dev: Args: [ '/d /s /c', 'webpack-dev-server --inline --hot --open' ]
12 silly lifecycle vueone@1.0.0~dev: Returned: code: 1  signal: null
13 info lifecycle vueone@1.0.0~dev: Failed to exec dev script
14 verbose stack Error: vueone@1.0.0 dev: `webpack-dev-server --inline --hot --open`
14 verbose stack Exit status 1
14 verbose stack     at EventEmitter.<anonymous> (C:\Program Files\nodejs\node_modules\npm\lib\utils\lifecycle.js:232:16)
14 verbose stack     at emitTwo (events.js:88:13)
14 verbose stack     at EventEmitter.emit (events.js:173:7)
14 verbose stack     at ChildProcess.<anonymous> (C:\Program Files\nodejs\node_modules\npm\lib\utils\spawn.js:24:14)
14 verbose stack     at emitTwo (events.js:88:13)
14 verbose stack     at ChildProcess.emit (events.js:173:7)
14 verbose stack     at maybeClose (internal/child_process.js:819:16)
14 verbose stack     at Process.ChildProcess._handle.onexit (internal/child_process.js:212:5)
15 verbose pkgid vueone@1.0.0
16 verbose cwd C:\Users\niannian\Desktop\GitHub\vue-webpack\vueone
17 error Windows_NT 6.3.9600
18 error argv "C:\\Program Files\\nodejs\\node.exe" "C:\\Program Files\\nodejs\\node_modules\\npm\\bin\\npm-cli.js" "run" "dev"
19 error node v5.2.0
20 error npm  v3.3.12
21 error code ELIFECYCLE
22 error vueone@1.0.0 dev: `webpack-dev-server --inline --hot --open`
22 error Exit status 1
23 error Failed at the vueone@1.0.0 dev script 'webpack-dev-server --inline --hot --open'.
23 error Make sure you have the latest version of node.js and npm installed.
23 error If you do, this is most likely a problem with the vueone package,
23 error not with npm itself.
23 error Tell the author that this fails on your system:
23 error     webpack-dev-server --inline --hot --open
23 error You can get their info via:
23 error     npm owner ls vueone
23 error There is likely additional logging output above.
24 verbose exit [ 1, true ]
